ERROR [org.springframework.orm.jpa.LocalContainerEntityManagerFactoryBean] Failed to initialize JPA EntityManagerFactory: No identifier specified for entity: acme.forms.DutyForm
WARN [org.springframework.boot.web.servlet.context.AnnotationConfigServletWebServerApplicationContext] Exception encountered during context initialization - cancelling refresh attempt: org.springframework.beans.factory.BeanCreationException: Error creating bean with name 'entityManagerFactory' defined in class path resource [org/springframework/boot/autoconfigure/orm/jpa/HibernateJpaConfiguration.class]: Invocation of init method failed; nested exception is org.hibernate.AnnotationException: No identifier specified for entity: acme.forms.DutyForm
ERROR [org.springframework.boot.SpringApplication] at org.springframework.beans.factory.support.AbstractAutowireCapableBeanFactory.initializeBean(AbstractAutowireCapableBeanFactory.java:1788): Error creating bean with name 'entityManagerFactory' defined in class path resource [org/springframework/boot/autoconfigure/orm/jpa/HibernateJpaConfiguration.class]: Invocation of init method failed; nested exception is org.hibernate.AnnotationException: No identifier specified for entity: acme.forms.DutyForm
at org.hibernate.cfg.InheritanceState.determineDefaultAccessType(InheritanceState.java:266): No identifier specified for entity: acme.forms.DutyForm
ERROR [org.springframework.orm.jpa.LocalContainerEntityManagerFactoryBean] Failed to initialize JPA EntityManagerFactory: [PersistenceUnit: default] Unable to build Hibernate SessionFactory; nested exception is org.hibernate.tool.schema.spi.SchemaManagementException: Schema-validation: missing table [duty]
WARN [org.springframework.boot.web.servlet.context.AnnotationConfigServletWebServerApplicationContext] Exception encountered during context initialization - cancelling refresh attempt: org.springframework.beans.factory.BeanCreationException: Error creating bean with name 'entityManagerFactory' defined in class path resource [org/springframework/boot/autoconfigure/orm/jpa/HibernateJpaConfiguration.class]: Invocation of init method failed; nested exception is javax.persistence.PersistenceException: [PersistenceUnit: default] Unable to build Hibernate SessionFactory; nested exception is org.hibernate.tool.schema.spi.SchemaManagementException: Schema-validation: missing table [duty]
ERROR [org.springframework.boot.SpringApplication] at org.springframework.beans.factory.support.AbstractAutowireCapableBeanFactory.initializeBean(AbstractAutowireCapableBeanFactory.java:1788): Error creating bean with name 'entityManagerFactory' defined in class path resource [org/springframework/boot/autoconfigure/orm/jpa/HibernateJpaConfiguration.class]: Invocation of init method failed; nested exception is javax.persistence.PersistenceException: [PersistenceUnit: default] Unable to build Hibernate SessionFactory; nested exception is org.hibernate.tool.schema.spi.SchemaManagementException: Schema-validation: missing table [duty]
at org.springframework.orm.jpa.AbstractEntityManagerFactoryBean.buildNativeEntityManagerFactory(AbstractEntityManagerFactoryBean.java:421): [PersistenceUnit: default] Unable to build Hibernate SessionFactory; nested exception is org.hibernate.tool.schema.spi.SchemaManagementException: Schema-validation: missing table [duty]
at org.hibernate.tool.schema.internal.AbstractSchemaValidator.validateTable(AbstractSchemaValidator.java:121): Schema-validation: missing table [duty]
INFO [acme.Launcher] Starting Launcher using Java 15.0.1 on DESKTOP-NMDQJUI with PID 2408 (C:\Users\Juan\Desktop\uni\2021-22\dp2\Workspace-21.1\Projects\Acme-Endeavours\target\classes started by Juan in C:\Users\Juan\Desktop\uni\2021-22\dp2\Workspace-21.1\Projects\Acme-Endeavours)
INFO [acme.Launcher] The following profiles are active: development,populator
INFO [acme.Launcher] Started Launcher in 7.747 seconds (JVM running for 8.635)
INFO [acme.framework.utilities.DatabasePopulator] Populating initial data
INFO [acme.framework.utilities.DatabasePopulator] Recreating schema
INFO [acme.framework.utilities.DatabasePopulator] Populating entities from classpath:/WEB-INF/population/initial-data.xml
INFO [acme.framework.utilities.DatabasePopulator] Validating your entities.
INFO [acme.framework.utilities.DatabasePopulator] Validating anonymousUserAccount ... PASS
INFO [acme.framework.utilities.DatabasePopulator] Validating anonymousAnonymous ... PASS
INFO [acme.framework.utilities.DatabasePopulator] Validating administratorUserAccount ... PASS
INFO [acme.framework.utilities.DatabasePopulator] Validating administratorAdministrator ... PASS
INFO [acme.framework.utilities.DatabasePopulator] Validating administratorAuthenticated ... PASS
INFO [acme.framework.utilities.DatabasePopulator] Sorting your entities topologically.
INFO [acme.framework.utilities.DatabasePopulator] > Setting index 0 for anonymousUserAccount.
INFO [acme.framework.utilities.DatabasePopulator] > Setting index 1 for anonymousAnonymous.
INFO [acme.framework.utilities.DatabasePopulator] > Setting index 2 for administratorUserAccount.
INFO [acme.framework.utilities.DatabasePopulator] > Setting index 3 for administratorAdministrator.
INFO [acme.framework.utilities.DatabasePopulator] > Setting index 4 for administratorAuthenticated.
INFO [acme.framework.utilities.DatabasePopulator] Persiting your entities.
INFO [acme.framework.utilities.DatabasePopulator] > Persisting anonymousUserAccount = acme.framework.entities.UserAccount{id=1, version=0}
INFO [acme.framework.utilities.DatabasePopulator] > Persisting anonymousAnonymous = acme.framework.entities.Anonymous{id=2, version=0}
INFO [acme.framework.utilities.DatabasePopulator] > Persisting administratorUserAccount = acme.framework.entities.UserAccount{id=3, version=0}
INFO [acme.framework.utilities.DatabasePopulator] > Persisting administratorAdministrator = acme.framework.entities.Administrator{id=4, version=0}
INFO [acme.framework.utilities.DatabasePopulator] > Persisting administratorAuthenticated = acme.framework.entities.Authenticated{id=5, version=0}
INFO [acme.framework.configuration.ShutdownConfiguration] The system is shutting down...
ERROR [org.apache.jsp.WEB_002dINF.views.framework.panic_jsp] HTTP GET /Acme-Endeavours/WEB-INF/views/framework/page.jsp HTTP/1.1
ERROR [org.apache.jsp.WEB_002dINF.views.framework.panic_jsp] Status: 500
ERROR [org.apache.jsp.WEB_002dINF.views.framework.panic_jsp] Exception: java.lang.AssertionError
ERROR [org.apache.jsp.WEB_002dINF.views.framework.panic_jsp] HTTP GET /Acme-Endeavours/WEB-INF/views/framework/page.jsp HTTP/1.1
ERROR [org.apache.jsp.WEB_002dINF.views.framework.panic_jsp] Status: 500
ERROR [org.apache.jsp.WEB_002dINF.views.framework.panic_jsp] Exception: java.lang.AssertionError
ERROR [org.apache.jsp.WEB_002dINF.views.framework.panic_jsp] HTTP GET /Acme-Endeavours/WEB-INF/views/framework/page.jsp HTTP/1.1
ERROR [org.apache.jsp.WEB_002dINF.views.framework.panic_jsp] Status: 500
ERROR [org.apache.jsp.WEB_002dINF.views.framework.panic_jsp] Exception: java.lang.AssertionError
ERROR [org.apache.jsp.WEB_002dINF.views.framework.panic_jsp] HTTP GET /Acme-Endeavours/WEB-INF/views/framework/page.jsp HTTP/1.1
ERROR [org.apache.jsp.WEB_002dINF.views.framework.panic_jsp] Status: 500
ERROR [org.apache.jsp.WEB_002dINF.views.framework.panic_jsp] Exception: java.lang.AssertionError
ERROR [org.apache.jsp.WEB_002dINF.views.framework.panic_jsp] HTTP GET /Acme-Endeavours/WEB-INF/views/framework/page.jsp HTTP/1.1
ERROR [org.apache.jsp.WEB_002dINF.views.framework.panic_jsp] Status: 500
ERROR [org.apache.jsp.WEB_002dINF.views.framework.panic_jsp] Exception: java.lang.AssertionError
ERROR [org.springframework.orm.jpa.LocalContainerEntityManagerFactoryBean] Failed to initialize JPA EntityManagerFactory: [PersistenceUnit: default] Unable to build Hibernate SessionFactory; nested exception is org.hibernate.tool.schema.spi.SchemaManagementException: Schema-validation: missing column [link] in table [shout]
WARN [org.springframework.boot.web.servlet.context.AnnotationConfigServletWebServerApplicationContext] Exception encountered during context initialization - cancelling refresh attempt: org.springframework.beans.factory.BeanCreationException: Error creating bean with name 'entityManagerFactory' defined in class path resource [org/springframework/boot/autoconfigure/orm/jpa/HibernateJpaConfiguration.class]: Invocation of init method failed; nested exception is javax.persistence.PersistenceException: [PersistenceUnit: default] Unable to build Hibernate SessionFactory; nested exception is org.hibernate.tool.schema.spi.SchemaManagementException: Schema-validation: missing column [link] in table [shout]
ERROR [org.springframework.boot.SpringApplication] at org.springframework.beans.factory.support.AbstractAutowireCapableBeanFactory.initializeBean(AbstractAutowireCapableBeanFactory.java:1788): Error creating bean with name 'entityManagerFactory' defined in class path resource [org/springframework/boot/autoconfigure/orm/jpa/HibernateJpaConfiguration.class]: Invocation of init method failed; nested exception is javax.persistence.PersistenceException: [PersistenceUnit: default] Unable to build Hibernate SessionFactory; nested exception is org.hibernate.tool.schema.spi.SchemaManagementException: Schema-validation: missing column [link] in table [shout]
at org.springframework.orm.jpa.AbstractEntityManagerFactoryBean.buildNativeEntityManagerFactory(AbstractEntityManagerFactoryBean.java:421): [PersistenceUnit: default] Unable to build Hibernate SessionFactory; nested exception is org.hibernate.tool.schema.spi.SchemaManagementException: Schema-validation: missing column [link] in table [shout]
at org.hibernate.tool.schema.internal.AbstractSchemaValidator.validateTable(AbstractSchemaValidator.java:136): Schema-validation: missing column [link] in table [shout]
INFO [acme.Launcher] Starting Launcher using Java 15.0.1 on DESKTOP-NMDQJUI with PID 17064 (C:\Users\Juan\Desktop\uni\2021-22\dp2\Workspace-21.1\Projects\Acme-Endeavours\target\classes started by Juan in C:\Users\Juan\Desktop\uni\2021-22\dp2\Workspace-21.1\Projects\Acme-Endeavours)
INFO [acme.Launcher] The following profiles are active: development,populator
INFO [acme.Launcher] Started Launcher in 5.166 seconds (JVM running for 5.742)
INFO [acme.framework.utilities.DatabasePopulator] Populating initial data
INFO [acme.framework.utilities.DatabasePopulator] Recreating schema
INFO [acme.framework.utilities.DatabasePopulator] Populating entities from classpath:/WEB-INF/population/initial-data.xml
INFO [acme.framework.utilities.DatabasePopulator] Validating your entities.
INFO [acme.framework.utilities.DatabasePopulator] Validating anonymousUserAccount ... PASS
INFO [acme.framework.utilities.DatabasePopulator] Validating anonymousAnonymous ... PASS
INFO [acme.framework.utilities.DatabasePopulator] Validating administratorUserAccount ... PASS
INFO [acme.framework.utilities.DatabasePopulator] Validating administratorAdministrator ... PASS
INFO [acme.framework.utilities.DatabasePopulator] Validating administratorAuthenticated ... PASS
INFO [acme.framework.utilities.DatabasePopulator] Sorting your entities topologically.
INFO [acme.framework.utilities.DatabasePopulator] > Setting index 0 for anonymousUserAccount.
INFO [acme.framework.utilities.DatabasePopulator] > Setting index 1 for anonymousAnonymous.
INFO [acme.framework.utilities.DatabasePopulator] > Setting index 2 for administratorUserAccount.
INFO [acme.framework.utilities.DatabasePopulator] > Setting index 3 for administratorAdministrator.
INFO [acme.framework.utilities.DatabasePopulator] > Setting index 4 for administratorAuthenticated.
INFO [acme.framework.utilities.DatabasePopulator] Persiting your entities.
INFO [acme.framework.utilities.DatabasePopulator] > Persisting anonymousUserAccount = acme.framework.entities.UserAccount{id=1, version=0}
INFO [acme.framework.utilities.DatabasePopulator] > Persisting anonymousAnonymous = acme.framework.entities.Anonymous{id=2, version=0}
INFO [acme.framework.utilities.DatabasePopulator] > Persisting administratorUserAccount = acme.framework.entities.UserAccount{id=3, version=0}
INFO [acme.framework.utilities.DatabasePopulator] > Persisting administratorAdministrator = acme.framework.entities.Administrator{id=4, version=0}
INFO [acme.framework.utilities.DatabasePopulator] > Persisting administratorAuthenticated = acme.framework.entities.Authenticated{id=5, version=0}
INFO [acme.framework.configuration.ShutdownConfiguration] The system is shutting down...
ERROR [org.apache.jsp.WEB_002dINF.views.framework.panic_jsp] HTTP GET /Acme-Endeavours/WEB-INF/views/framework/page.jsp HTTP/1.1
ERROR [org.apache.jsp.WEB_002dINF.views.framework.panic_jsp] Status: 500
ERROR [org.apache.jsp.WEB_002dINF.views.framework.panic_jsp] Exception: org.springframework.orm.jpa.EntityManagerFactoryUtils.convertJpaAccessExceptionIfPossible(EntityManagerFactoryUtils.java:374): Parameter value [Tue Sep 14 13:15:57 CEST 2021] did not match expected type [java.time.LocalDateTime (n/a)]; nested exception is java.lang.IllegalArgumentException: Parameter value [Tue Sep 14 13:15:57 CEST 2021] did not match expected type [java.time.LocalDateTime (n/a)]
org.hibernate.query.spi.QueryParameterBindingValidator.validate(QueryParameterBindingValidator.java:54): Parameter value [Tue Sep 14 13:15:57 CEST 2021] did not match expected type [java.time.LocalDateTime (n/a)]
ERROR [org.apache.jsp.WEB_002dINF.views.framework.panic_jsp] HTTP GET /Acme-Endeavours/WEB-INF/views/framework/page.jsp HTTP/1.1
ERROR [org.apache.jsp.WEB_002dINF.views.framework.panic_jsp] Status: 500
ERROR [org.apache.jsp.WEB_002dINF.views.framework.panic_jsp] Exception: org.springframework.orm.jpa.EntityManagerFactoryUtils.convertJpaAccessExceptionIfPossible(EntityManagerFactoryUtils.java:374): Parameter value [Tue Sep 14 13:20:07 CEST 2021] did not match expected type [java.time.LocalDateTime (n/a)]; nested exception is java.lang.IllegalArgumentException: Parameter value [Tue Sep 14 13:20:07 CEST 2021] did not match expected type [java.time.LocalDateTime (n/a)]
org.hibernate.query.spi.QueryParameterBindingValidator.validate(QueryParameterBindingValidator.java:54): Parameter value [Tue Sep 14 13:20:07 CEST 2021] did not match expected type [java.time.LocalDateTime (n/a)]
ERROR [org.apache.jsp.WEB_002dINF.views.framework.panic_jsp] HTTP GET /Acme-Endeavours/WEB-INF/views/framework/page.jsp HTTP/1.1
ERROR [org.apache.jsp.WEB_002dINF.views.framework.panic_jsp] Status: 500
ERROR [org.apache.jsp.WEB_002dINF.views.framework.panic_jsp] Exception: org.springframework.orm.jpa.EntityManagerFactoryUtils.convertJpaAccessExceptionIfPossible(EntityManagerFactoryUtils.java:374): Parameter value [Tue Sep 14 13:20:53 CEST 2021] did not match expected type [java.time.LocalDateTime (n/a)]; nested exception is java.lang.IllegalArgumentException: Parameter value [Tue Sep 14 13:20:53 CEST 2021] did not match expected type [java.time.LocalDateTime (n/a)]
org.hibernate.query.spi.QueryParameterBindingValidator.validate(QueryParameterBindingValidator.java:54): Parameter value [Tue Sep 14 13:20:53 CEST 2021] did not match expected type [java.time.LocalDateTime (n/a)]
ERROR [org.apache.jsp.WEB_002dINF.views.framework.panic_jsp] HTTP GET /Acme-Endeavours/WEB-INF/views/framework/page.jsp HTTP/1.1
ERROR [org.apache.jsp.WEB_002dINF.views.framework.panic_jsp] Status: 500
ERROR [org.apache.jsp.WEB_002dINF.views.framework.panic_jsp] Exception: org.springframework.orm.jpa.EntityManagerFactoryUtils.convertJpaAccessExceptionIfPossible(EntityManagerFactoryUtils.java:374): Parameter value [Tue Sep 14 13:29:16 CEST 2021] did not match expected type [java.time.LocalDateTime (n/a)]; nested exception is java.lang.IllegalArgumentException: Parameter value [Tue Sep 14 13:29:16 CEST 2021] did not match expected type [java.time.LocalDateTime (n/a)]
org.hibernate.query.spi.QueryParameterBindingValidator.validate(QueryParameterBindingValidator.java:54): Parameter value [Tue Sep 14 13:29:16 CEST 2021] did not match expected type [java.time.LocalDateTime (n/a)]
ERROR [org.apache.jsp.WEB_002dINF.views.framework.panic_jsp] HTTP GET /Acme-Endeavours/WEB-INF/views/framework/page.jsp HTTP/1.1
ERROR [org.apache.jsp.WEB_002dINF.views.framework.panic_jsp] Status: 500
ERROR [org.apache.jsp.WEB_002dINF.views.framework.panic_jsp] Exception: org.springframework.orm.jpa.EntityManagerFactoryUtils.convertJpaAccessExceptionIfPossible(EntityManagerFactoryUtils.java:374): Parameter value [Tue Sep 14 13:29:30 CEST 2021] did not match expected type [java.time.LocalDateTime (n/a)]; nested exception is java.lang.IllegalArgumentException: Parameter value [Tue Sep 14 13:29:30 CEST 2021] did not match expected type [java.time.LocalDateTime (n/a)]
org.hibernate.query.spi.QueryParameterBindingValidator.validate(QueryParameterBindingValidator.java:54): Parameter value [Tue Sep 14 13:29:30 CEST 2021] did not match expected type [java.time.LocalDateTime (n/a)]
ERROR [org.apache.jsp.WEB_002dINF.views.framework.panic_jsp] HTTP GET /Acme-Endeavours/WEB-INF/views/framework/page.jsp HTTP/1.1
ERROR [org.apache.jsp.WEB_002dINF.views.framework.panic_jsp] Status: 500
ERROR [org.apache.jsp.WEB_002dINF.views.framework.panic_jsp] Exception: org.springframework.orm.jpa.EntityManagerFactoryUtils.convertJpaAccessExceptionIfPossible(EntityManagerFactoryUtils.java:374): Parameter value [Tue Sep 14 13:32:41 CEST 2021] did not match expected type [java.time.LocalDateTime (n/a)]; nested exception is java.lang.IllegalArgumentException: Parameter value [Tue Sep 14 13:32:41 CEST 2021] did not match expected type [java.time.LocalDateTime (n/a)]
org.hibernate.query.spi.QueryParameterBindingValidator.validate(QueryParameterBindingValidator.java:54): Parameter value [Tue Sep 14 13:32:41 CEST 2021] did not match expected type [java.time.LocalDateTime (n/a)]
ERROR [org.apache.jsp.WEB_002dINF.views.framework.panic_jsp] HTTP GET /Acme-Endeavours/WEB-INF/views/framework/page.jsp HTTP/1.1
ERROR [org.apache.jsp.WEB_002dINF.views.framework.panic_jsp] Status: 500
ERROR [org.apache.jsp.WEB_002dINF.views.framework.panic_jsp] Exception: org.springframework.orm.jpa.EntityManagerFactoryUtils.convertJpaAccessExceptionIfPossible(EntityManagerFactoryUtils.java:374): Parameter value [Tue Sep 14 13:32:47 CEST 2021] did not match expected type [java.time.LocalDateTime (n/a)]; nested exception is java.lang.IllegalArgumentException: Parameter value [Tue Sep 14 13:32:47 CEST 2021] did not match expected type [java.time.LocalDateTime (n/a)]
org.hibernate.query.spi.QueryParameterBindingValidator.validate(QueryParameterBindingValidator.java:54): Parameter value [Tue Sep 14 13:32:47 CEST 2021] did not match expected type [java.time.LocalDateTime (n/a)]
ERROR [org.apache.jsp.WEB_002dINF.views.framework.panic_jsp] HTTP GET /Acme-Endeavours/WEB-INF/views/framework/page.jsp HTTP/1.1
ERROR [org.apache.jsp.WEB_002dINF.views.framework.panic_jsp] Status: 500
ERROR [org.apache.jsp.WEB_002dINF.views.framework.panic_jsp] Exception: org.springframework.orm.jpa.EntityManagerFactoryUtils.convertJpaAccessExceptionIfPossible(EntityManagerFactoryUtils.java:374): Parameter value [Tue Sep 14 13:32:59 CEST 2021] did not match expected type [java.time.LocalDateTime (n/a)]; nested exception is java.lang.IllegalArgumentException: Parameter value [Tue Sep 14 13:32:59 CEST 2021] did not match expected type [java.time.LocalDateTime (n/a)]
org.hibernate.query.spi.QueryParameterBindingValidator.validate(QueryParameterBindingValidator.java:54): Parameter value [Tue Sep 14 13:32:59 CEST 2021] did not match expected type [java.time.LocalDateTime (n/a)]
ERROR [org.apache.jsp.WEB_002dINF.views.framework.panic_jsp] HTTP GET /Acme-Endeavours/WEB-INF/views/framework/page.jsp HTTP/1.1
ERROR [org.apache.jsp.WEB_002dINF.views.framework.panic_jsp] Status: 500
ERROR [org.apache.jsp.WEB_002dINF.views.framework.panic_jsp] Exception: org.springframework.orm.jpa.EntityManagerFactoryUtils.convertJpaAccessExceptionIfPossible(EntityManagerFactoryUtils.java:374): Parameter value [Tue Sep 14 13:33:39 CEST 2021] did not match expected type [java.time.LocalDateTime (n/a)]; nested exception is java.lang.IllegalArgumentException: Parameter value [Tue Sep 14 13:33:39 CEST 2021] did not match expected type [java.time.LocalDateTime (n/a)]
org.hibernate.query.spi.QueryParameterBindingValidator.validate(QueryParameterBindingValidator.java:54): Parameter value [Tue Sep 14 13:33:39 CEST 2021] did not match expected type [java.time.LocalDateTime (n/a)]
INFO [acme.Launcher] Starting Launcher using Java 15.0.1 on DESKTOP-NMDQJUI with PID 11768 (C:\Users\Juan\Desktop\uni\2021-22\dp2\Workspace-21.1\Projects\Acme-Endeavours\target\classes started by Juan in C:\Users\Juan\Desktop\uni\2021-22\dp2\Workspace-21.1\Projects\Acme-Endeavours)
INFO [acme.Launcher] The following profiles are active: development,populator
INFO [acme.Launcher] Started Launcher in 5.141 seconds (JVM running for 5.84)
INFO [acme.framework.utilities.DatabasePopulator] Populating initial data
INFO [acme.framework.utilities.DatabasePopulator] Recreating schema
INFO [acme.framework.utilities.DatabasePopulator] Populating entities from classpath:/WEB-INF/population/initial-data.xml
INFO [acme.framework.utilities.DatabasePopulator] Validating your entities.
INFO [acme.framework.utilities.DatabasePopulator] Validating anonymousUserAccount ... PASS
INFO [acme.framework.utilities.DatabasePopulator] Validating anonymousAnonymous ... PASS
INFO [acme.framework.utilities.DatabasePopulator] Validating administratorUserAccount ... PASS
INFO [acme.framework.utilities.DatabasePopulator] Validating administratorAdministrator ... PASS
INFO [acme.framework.utilities.DatabasePopulator] Validating administratorAuthenticated ... PASS
INFO [acme.framework.utilities.DatabasePopulator] Sorting your entities topologically.
INFO [acme.framework.utilities.DatabasePopulator] > Setting index 0 for anonymousUserAccount.
INFO [acme.framework.utilities.DatabasePopulator] > Setting index 1 for anonymousAnonymous.
INFO [acme.framework.utilities.DatabasePopulator] > Setting index 2 for administratorUserAccount.
INFO [acme.framework.utilities.DatabasePopulator] > Setting index 3 for administratorAdministrator.
INFO [acme.framework.utilities.DatabasePopulator] > Setting index 4 for administratorAuthenticated.
INFO [acme.framework.utilities.DatabasePopulator] Persiting your entities.
INFO [acme.framework.utilities.DatabasePopulator] > Persisting anonymousUserAccount = acme.framework.entities.UserAccount{id=1, version=0}
INFO [acme.framework.utilities.DatabasePopulator] > Persisting anonymousAnonymous = acme.framework.entities.Anonymous{id=2, version=0}
INFO [acme.framework.utilities.DatabasePopulator] > Persisting administratorUserAccount = acme.framework.entities.UserAccount{id=3, version=0}
INFO [acme.framework.utilities.DatabasePopulator] > Persisting administratorAdministrator = acme.framework.entities.Administrator{id=4, version=0}
INFO [acme.framework.utilities.DatabasePopulator] > Persisting administratorAuthenticated = acme.framework.entities.Authenticated{id=5, version=0}
INFO [acme.framework.configuration.ShutdownConfiguration] The system is shutting down...
ERROR [org.apache.jsp.WEB_002dINF.views.framework.panic_jsp] HTTP GET /Acme-Endeavours/WEB-INF/views/framework/page.jsp HTTP/1.1
ERROR [org.apache.jsp.WEB_002dINF.views.framework.panic_jsp] Status: 500
ERROR [org.apache.jsp.WEB_002dINF.views.framework.panic_jsp] Exception: org.springframework.orm.jpa.EntityManagerFactoryUtils.convertJpaAccessExceptionIfPossible(EntityManagerFactoryUtils.java:374): Parameter value [Tue Sep 14 13:43:31 CEST 2021] did not match expected type [java.time.LocalDateTime (n/a)]; nested exception is java.lang.IllegalArgumentException: Parameter value [Tue Sep 14 13:43:31 CEST 2021] did not match expected type [java.time.LocalDateTime (n/a)]
org.hibernate.query.spi.QueryParameterBindingValidator.validate(QueryParameterBindingValidator.java:54): Parameter value [Tue Sep 14 13:43:31 CEST 2021] did not match expected type [java.time.LocalDateTime (n/a)]
ERROR [org.apache.jsp.WEB_002dINF.views.framework.panic_jsp] HTTP GET /Acme-Endeavours/WEB-INF/views/framework/page.jsp HTTP/1.1
ERROR [org.apache.jsp.WEB_002dINF.views.framework.panic_jsp] Status: 500
ERROR [org.apache.jsp.WEB_002dINF.views.framework.panic_jsp] Exception: org.springframework.orm.jpa.EntityManagerFactoryUtils.convertJpaAccessExceptionIfPossible(EntityManagerFactoryUtils.java:371): Session/EntityManager is closed; nested exception is java.lang.IllegalStateException: Session/EntityManager is closed
org.hibernate.internal.AbstractSharedSessionContract.checkOpen(AbstractSharedSessionContract.java:375): Session/EntityManager is closed
ERROR [org.apache.catalina.core.ContainerBase.[Tomcat].[localhost].[/Acme-Endeavours].[jsp]] at org.hibernate.internal.AbstractSharedSessionContract.checkOpen(AbstractSharedSessionContract.java:375): Session/EntityManager is closed
ERROR [org.apache.catalina.core.ContainerBase.[Tomcat].[localhost].[/Acme-Endeavours].[dispatcherServlet]] at org.hibernate.internal.AbstractSharedSessionContract.checkOpen(AbstractSharedSessionContract.java:375): Session/EntityManager is closed
ERROR [org.apache.jsp.WEB_002dINF.views.framework.panic_jsp] HTTP GET /Acme-Endeavours/master/panic HTTP/1.1
ERROR [org.apache.jsp.WEB_002dINF.views.framework.panic_jsp] Status: 500
ERROR [org.apache.jsp.WEB_002dINF.views.framework.panic_jsp] Exception: org.springframework.orm.jpa.EntityManagerFactoryUtils.convertJpaAccessExceptionIfPossible(EntityManagerFactoryUtils.java:371): Session/EntityManager is closed; nested exception is java.lang.IllegalStateException: Session/EntityManager is closed
org.hibernate.internal.AbstractSharedSessionContract.checkOpen(AbstractSharedSessionContract.java:375): Session/EntityManager is closed
ERROR [org.apache.catalina.core.ContainerBase.[Tomcat].[localhost].[/Acme-Endeavours].[jsp]] at org.hibernate.internal.AbstractSharedSessionContract.checkOpen(AbstractSharedSessionContract.java:375): Session/EntityManager is closed
ERROR [org.apache.catalina.core.ContainerBase.[Tomcat].[localhost].[/Acme-Endeavours].[dispatcherServlet]] at org.hibernate.internal.AbstractSharedSessionContract.checkOpen(AbstractSharedSessionContract.java:375): Session/EntityManager is closed
ERROR [org.apache.catalina.core.ContainerBase.[Tomcat].[localhost]] at org.springframework.web.servlet.FrameworkServlet.processRequest(FrameworkServlet.java:1014): Request processing failed; nested exception is org.apache.tiles.request.render.CannotRenderException: ServletException including path '/WEB-INF/views/framework/page.jsp'.
at org.apache.tiles.impl.BasicTilesContainer.render(BasicTilesContainer.java:399): ServletException including path '/WEB-INF/views/framework/page.jsp'.
at org.apache.tiles.request.servlet.ServletUtil.wrapServletException(ServletUtil.java:61): ServletException including path '/WEB-INF/views/framework/page.jsp'.
at org.apache.jasper.el.JspValueExpression.getValue(JspValueExpression.java:123): /WEB-INF/tags/debug-principal.tag(19,1) '${PrincipalHelper.get()}' org.springframework.dao.InvalidDataAccessApiUsageException: Session/EntityManager is closed; nested exception is java.lang.IllegalStateException: Session/EntityManager is closed
at org.springframework.orm.jpa.EntityManagerFactoryUtils.convertJpaAccessExceptionIfPossible(EntityManagerFactoryUtils.java:371): Session/EntityManager is closed; nested exception is java.lang.IllegalStateException: Session/EntityManager is closed
at org.hibernate.internal.AbstractSharedSessionContract.checkOpen(AbstractSharedSessionContract.java:375): Session/EntityManager is closed
ERROR [org.apache.jsp.WEB_002dINF.views.framework.panic_jsp] HTTP GET /Acme-Endeavours/WEB-INF/views/framework/page.jsp HTTP/1.1
ERROR [org.apache.jsp.WEB_002dINF.views.framework.panic_jsp] Status: 500
ERROR [org.apache.jsp.WEB_002dINF.views.framework.panic_jsp] Exception: org.springframework.orm.jpa.JpaTransactionManager.doBegin(JpaTransactionManager.java:400): Pre-bound JDBC Connection found! JpaTransactionManager does not support running within DataSourceTransactionManager if told to manage the DataSource itself. It is recommended to use a single JpaTransactionManager for all transactions on a single DataSource, no matter whether JPA or JDBC access.
ERROR [org.apache.catalina.core.ContainerBase.[Tomcat].[localhost].[/Acme-Endeavours].[jsp]] at org.hibernate.internal.AbstractSharedSessionContract.checkOpen(AbstractSharedSessionContract.java:375): Session/EntityManager is closed
ERROR [org.apache.catalina.core.ContainerBase.[Tomcat].[localhost].[/Acme-Endeavours].[dispatcherServlet]] at org.hibernate.internal.AbstractSharedSessionContract.checkOpen(AbstractSharedSessionContract.java:375): Session/EntityManager is closed
ERROR [org.apache.jsp.WEB_002dINF.views.framework.panic_jsp] HTTP GET /Acme-Endeavours/master/panic HTTP/1.1
ERROR [org.apache.jsp.WEB_002dINF.views.framework.panic_jsp] Status: 500
ERROR [org.apache.jsp.WEB_002dINF.views.framework.panic_jsp] Exception: org.springframework.orm.jpa.JpaTransactionManager.doBegin(JpaTransactionManager.java:400): Pre-bound JDBC Connection found! JpaTransactionManager does not support running within DataSourceTransactionManager if told to manage the DataSource itself. It is recommended to use a single JpaTransactionManager for all transactions on a single DataSource, no matter whether JPA or JDBC access.
ERROR [org.apache.catalina.core.ContainerBase.[Tomcat].[localhost].[/Acme-Endeavours].[jsp]] at org.hibernate.internal.AbstractSharedSessionContract.checkOpen(AbstractSharedSessionContract.java:375): Session/EntityManager is closed
ERROR [org.apache.catalina.core.ContainerBase.[Tomcat].[localhost].[/Acme-Endeavours].[dispatcherServlet]] at org.hibernate.internal.AbstractSharedSessionContract.checkOpen(AbstractSharedSessionContract.java:375): Session/EntityManager is closed
ERROR [org.apache.catalina.core.ContainerBase.[Tomcat].[localhost]] at org.springframework.web.servlet.FrameworkServlet.processRequest(FrameworkServlet.java:1014): Request processing failed; nested exception is org.apache.tiles.request.render.CannotRenderException: ServletException including path '/WEB-INF/views/framework/page.jsp'.
at org.apache.tiles.impl.BasicTilesContainer.render(BasicTilesContainer.java:399): ServletException including path '/WEB-INF/views/framework/page.jsp'.
at org.apache.tiles.request.servlet.ServletUtil.wrapServletException(ServletUtil.java:61): ServletException including path '/WEB-INF/views/framework/page.jsp'.
at org.apache.jasper.el.JspValueExpression.getValue(JspValueExpression.java:123): /WEB-INF/tags/debug-principal.tag(19,1) '${PrincipalHelper.get()}' org.springframework.dao.InvalidDataAccessApiUsageException: Session/EntityManager is closed; nested exception is java.lang.IllegalStateException: Session/EntityManager is closed
at org.springframework.orm.jpa.EntityManagerFactoryUtils.convertJpaAccessExceptionIfPossible(EntityManagerFactoryUtils.java:371): Session/EntityManager is closed; nested exception is java.lang.IllegalStateException: Session/EntityManager is closed
at org.hibernate.internal.AbstractSharedSessionContract.checkOpen(AbstractSharedSessionContract.java:375): Session/EntityManager is closed
WARN [com.zaxxer.hikari.pool.HikariPool] {} - Thread starvation or clock leap detected (housekeeper delta={}).
ERROR [org.apache.jsp.WEB_002dINF.views.framework.panic_jsp] HTTP GET /Acme-Endeavours/WEB-INF/views/framework/page.jsp HTTP/1.1
ERROR [org.apache.jsp.WEB_002dINF.views.framework.panic_jsp] Status: 500
ERROR [org.apache.jsp.WEB_002dINF.views.framework.panic_jsp] Exception: org.springframework.orm.jpa.EntityManagerFactoryUtils.convertJpaAccessExceptionIfPossible(EntityManagerFactoryUtils.java:374): Parameter value [2021-09-14] did not match expected type [java.time.LocalDateTime (n/a)]; nested exception is java.lang.IllegalArgumentException: Parameter value [2021-09-14] did not match expected type [java.time.LocalDateTime (n/a)]
org.hibernate.query.spi.QueryParameterBindingValidator.validate(QueryParameterBindingValidator.java:54): Parameter value [2021-09-14] did not match expected type [java.time.LocalDateTime (n/a)]
